nohup: ignoring input
[Fri May  8 03:42:35 UTC 2026] Watchman crashed. Executing Auto-Fix...
[Fri May  8 03:42:35 UTC 2026] Watchman crashed. Executing Auto-Fix...
nohup: ignoring input
nohup: ignoring input
nohup: ignoring input
[main 284fe71] Master CEO: Integrated High-Fantasy Kith Species Batch
 5 files changed, 29 insertions(+), 27 deletions(-)
 create mode 100644 assets/kith/kith_master_1778214161.png
 create mode 100755 watchdog.sh
To https://github.com/XULPLAB/VeilboundGame
   2a713ab..284fe71  main -> main
nohup: ignoring input
nohup: ignoring input
nohup: ignoring input
nohup: ignoring input
[main c5b6002] Artisan: Native Push for normal
 5 files changed, 61 insertions(+), 21 deletions(-)
 rename assets/{kith => creatures/kith/normal}/kith_master_1778214161.png (100%)
 create mode 100644 assets/creatures/kith/normal/v_1778216738_normal.png
To https://github.com/XULPLAB/VeilboundGame
   284fe71..c5b6002  main -> main
[main 69ab485] Artisan: Native Push for fire
 2 files changed, 6 insertions(+)
 create mode 100644 assets/creatures/kith/fire/v_1778216740_fire.png
To https://github.com/XULPLAB/VeilboundGame
   c5b6002..69ab485  main -> main
[main 0115b6a] Artisan: Native Push for water
 2 files changed, 5 insertions(+)
 create mode 100644 assets/creatures/kith/water/v_1778216742_water.png
To https://github.com/XULPLAB/VeilboundGame
   69ab485..0115b6a  main -> main
nohup: ignoring input
/workspaces/VeilboundGame/sovereign_listener.py:18: DeprecationWarning: Image.Image.getdata is deprecated and will be removed in Pillow 14 (2027-10-15). Use get_flattened_data instead.
  datas = img.getdata()
[main f971118] Artisan: Alpha-Transparent normal pushed
 3 files changed, 61 insertions(+), 38 deletions(-)
 create mode 100644 assets/creatures/kith/normal/v_normal_transparent.png
To https://github.com/XULPLAB/VeilboundGame
   0115b6a..f971118  main -> main
/workspaces/VeilboundGame/sovereign_listener.py:18: DeprecationWarning: Image.Image.getdata is deprecated and will be removed in Pillow 14 (2027-10-15). Use get_flattened_data instead.
  datas = img.getdata()
[main a7b65e2] Artisan: Alpha-Transparent fire pushed
 2 files changed, 7 insertions(+)
 create mode 100644 assets/creatures/kith/fire/v_fire_transparent.png
To https://github.com/XULPLAB/VeilboundGame
   f971118..a7b65e2  main -> main
/workspaces/VeilboundGame/sovereign_listener.py:18: DeprecationWarning: Image.Image.getdata is deprecated and will be removed in Pillow 14 (2027-10-15). Use get_flattened_data instead.
  datas = img.getdata()
[main a83ef16] Artisan: Alpha-Transparent water pushed
 2 files changed, 7 insertions(+)
 create mode 100644 assets/creatures/kith/water/v_water_transparent.png
To https://github.com/XULPLAB/VeilboundGame
   a7b65e2..a83ef16  main -> main
/workspaces/VeilboundGame/sovereign_listener.py:18: DeprecationWarning: Image.Image.getdata is deprecated and will be removed in Pillow 14 (2027-10-15). Use get_flattened_data instead.
  datas = img.getdata()
[main fd2ec5a] Artisan: Alpha-Transparent grass pushed
 2 files changed, 7 insertions(+)
 create mode 100644 assets/creatures/kith/grass/v_grass_transparent.png
To https://github.com/XULPLAB/VeilboundGame
   a83ef16..fd2ec5a  main -> main
/workspaces/VeilboundGame/sovereign_listener.py:18: DeprecationWarning: Image.Image.getdata is deprecated and will be removed in Pillow 14 (2027-10-15). Use get_flattened_data instead.
  datas = img.getdata()
[main e4c7cb4] Artisan: Alpha-Transparent steel pushed
 2 files changed, 7 insertions(+)
 create mode 100644 assets/creatures/kith/steel/v_steel_transparent.png
To https://github.com/XULPLAB/VeilboundGame
   fd2ec5a..e4c7cb4  main -> main
/workspaces/VeilboundGame/sovereign_listener.py:18: DeprecationWarning: Image.Image.getdata is deprecated and will be removed in Pillow 14 (2027-10-15). Use get_flattened_data instead.
  datas = img.getdata()
[main a0c381d] Artisan: Alpha-Transparent ghost pushed
 2 files changed, 7 insertions(+)
 create mode 100644 assets/creatures/kith/ghost/v_ghost_transparent.png
To https://github.com/XULPLAB/VeilboundGame
   e4c7cb4..a0c381d  main -> main
/workspaces/VeilboundGame/sovereign_listener.py:18: DeprecationWarning: Image.Image.getdata is deprecated and will be removed in Pillow 14 (2027-10-15). Use get_flattened_data instead.
  datas = img.getdata()
[main 3f7d493] Artisan: Alpha-Transparent flying pushed
 2 files changed, 7 insertions(+)
 create mode 100644 assets/creatures/kith/flying/v_flying_transparent.png
To https://github.com/XULPLAB/VeilboundGame
   a0c381d..3f7d493  main -> main
/workspaces/VeilboundGame/sovereign_listener.py:18: DeprecationWarning: Image.Image.getdata is deprecated and will be removed in Pillow 14 (2027-10-15). Use get_flattened_data instead.
  datas = img.getdata()
[main b6366a2] Artisan: Alpha-Transparent rock pushed
 2 files changed, 7 insertions(+)
 create mode 100644 assets/creatures/kith/rock/v_rock_transparent.png
To https://github.com/XULPLAB/VeilboundGame
   3f7d493..b6366a2  main -> main
/workspaces/VeilboundGame/sovereign_listener.py:18: DeprecationWarning: Image.Image.getdata is deprecated and will be removed in Pillow 14 (2027-10-15). Use get_flattened_data instead.
  datas = img.getdata()
[main c62f54e] Artisan: Alpha-Transparent dragon pushed
 2 files changed, 7 insertions(+)
 create mode 100644 assets/creatures/kith/dragon/v_dragon_transparent.png
To https://github.com/XULPLAB/VeilboundGame
   b6366a2..c62f54e  main -> main
/workspaces/VeilboundGame/sovereign_listener.py:18: DeprecationWarning: Image.Image.getdata is deprecated and will be removed in Pillow 14 (2027-10-15). Use get_flattened_data instead.
  datas = img.getdata()
